<?xml version="1.0" encoding="UTF-8"?>
<!-- Generated by org.testng.reporters.JUnitXMLReporter -->
<testsuite ignored="0" hostname="LAPTOP-7KTP9OVS" failures="0" tests="3" name="Test" time="11.295" errors="0" timestamp="2023-05-23T21:24:41 IST">
  <testcase classname="testClassPackage.Post_tc_1" name="execute" time="5.852"/>
  <testcase classname="testClassPackage.Post_tc_2" name="execute" time="2.611"/>
  <testcase classname="testClassPackage.Post_tc_3" name="execute" time="2.716"/>
</testsuite> <!-- Test -->
