<?xml version="1.0" encoding="UTF-8"?>
<testng-results ignored="0" total="3" passed="3" failed="0" skipped="0">
  <reporter-output>
  </reporter-output>
  <suite started-at="2023-05-23T21:24:30 IST" name="Suite" finished-at="2023-05-23T21:24:41 IST" duration-ms="11295">
    <groups>
    </groups>
    <test started-at="2023-05-23T21:24:30 IST" name="Test" finished-at="2023-05-23T21:24:41 IST" duration-ms="11295">
      <class name="testClassPackage.Post_tc_2">
        <test-method signature="execute()[pri:0, instance:testClassPackage.Post_tc_2@795509d9]" started-at="2023-05-23T21:24:36 IST" name="execute" finished-at="2023-05-23T21:24:38 IST" duration-ms="2611" status="PASS">
          <reporter-output>
          </reporter-output>
        </test-method> <!-- execute -->
      </class> <!-- testClassPackage.Post_tc_2 -->
      <class name="testClassPackage.Post_tc_1">
        <test-method signature="execute()[pri:0, instance:testClassPackage.Post_tc_1@235ecd9f]" started-at="2023-05-23T21:24:30 IST" name="execute" finished-at="2023-05-23T21:24:36 IST" duration-ms="5852" status="PASS">
          <reporter-output>
          </reporter-output>
        </test-method> <!-- execute -->
      </class> <!-- testClassPackage.Post_tc_1 -->
      <class name="testClassPackage.Post_tc_3">
        <test-method signature="execute()[pri:0, instance:testClassPackage.Post_tc_3@53045c6c]" started-at="2023-05-23T21:24:38 IST" name="execute" finished-at="2023-05-23T21:24:41 IST" duration-ms="2716" status="PASS">
          <reporter-output>
          </reporter-output>
        </test-method> <!-- execute -->
      </class> <!-- testClassPackage.Post_tc_3 -->
    </test> <!-- Test -->
  </suite> <!-- Suite -->
</testng-results>
